Determining if the pthread_create exist failed with the following output:
Change Dir: /u02/vnproglib-1.1/cpp/examples/ez_async_data/CMakeFiles/CMakeTmp

Run Build Command:"/usr/bin/make" "cmTC_bd012/fast"
/usr/bin/make -f CMakeFiles/cmTC_bd012.dir/build.make CMakeFiles/cmTC_bd012.dir/build
make[1]: Entering directory '/u02/vnproglib-1.1/cpp/examples/ez_async_data/CMakeFiles/CMakeTmp'
Building C object CMakeFiles/cmTC_bd012.dir/CheckSymbolExists.c.o
/usr/bin/cc     -o CMakeFiles/cmTC_bd012.dir/CheckSymbolExists.c.o   -c /u02/vnproglib-1.1/cpp/examples/ez_async_data/CMakeFiles/CMakeTmp/CheckSymbolExists.c
Linking C executable cmTC_bd012
/usr/bin/cmake -E cmake_link_script CMakeFiles/cmTC_bd012.dir/link.txt --verbose=1
/usr/bin/cc       CMakeFiles/cmTC_bd012.dir/CheckSymbolExists.c.o  -o cmTC_bd012 -rdynamic 
CMakeFiles/cmTC_bd012.dir/CheckSymbolExists.c.o: In function `main':
CheckSymbolExists.c:(.text+0x1b): undefined reference to `pthread_create'
collect2: error: ld returned 1 exit status
CMakeFiles/cmTC_bd012.dir/build.make:97: recipe for target 'cmTC_bd012' failed
make[1]: *** [cmTC_bd012] Error 1
make[1]: Leaving directory '/u02/vnproglib-1.1/cpp/examples/ez_async_data/CMakeFiles/CMakeTmp'
Makefile:126: recipe for target 'cmTC_bd012/fast' failed
make: *** [cmTC_bd012/fast] Error 2

File /u02/vnproglib-1.1/cpp/examples/ez_async_data/CMakeFiles/CMakeTmp/CheckSymbolExists.c:
/* */
#include <pthread.h>

int main(int argc, char** argv)
{
  (void)argv;
#ifndef pthread_create
  return ((int*)(&pthread_create))[argc];
#else
  (void)argc;
  return 0;
#endif
}

Determining if the function pthread_create exists in the pthreads failed with the following output:
Change Dir: /u02/vnproglib-1.1/cpp/examples/ez_async_data/CMakeFiles/CMakeTmp

Run Build Command:"/usr/bin/make" "cmTC_c6b61/fast"
/usr/bin/make -f CMakeFiles/cmTC_c6b61.dir/build.make CMakeFiles/cmTC_c6b61.dir/build
make[1]: Entering directory '/u02/vnproglib-1.1/cpp/examples/ez_async_data/CMakeFiles/CMakeTmp'
Building C object CMakeFiles/cmTC_c6b61.dir/CheckFunctionExists.c.o
/usr/bin/cc    -DCHECK_FUNCTION_EXISTS=pthread_create   -o CMakeFiles/cmTC_c6b61.dir/CheckFunctionExists.c.o   -c /usr/share/cmake-3.7/Modules/CheckFunctionExists.c
Linking C executable cmTC_c6b61
/usr/bin/cmake -E cmake_link_script CMakeFiles/cmTC_c6b61.dir/link.txt --verbose=1
/usr/bin/cc   -DCHECK_FUNCTION_EXISTS=pthread_create    CMakeFiles/cmTC_c6b61.dir/CheckFunctionExists.c.o  -o cmTC_c6b61 -rdynamic -lpthreads 
/usr/bin/ld: cannot find -lpthreads
collect2: error: ld returned 1 exit status
CMakeFiles/cmTC_c6b61.dir/build.make:97: recipe for target 'cmTC_c6b61' failed
make[1]: *** [cmTC_c6b61] Error 1
make[1]: Leaving directory '/u02/vnproglib-1.1/cpp/examples/ez_async_data/CMakeFiles/CMakeTmp'
Makefile:126: recipe for target 'cmTC_c6b61/fast' failed
make: *** [cmTC_c6b61/fast] Error 2


